#
# There is insufficient memory for the Java Runtime Environment to continue.
# Native memory allocation (malloc) failed to allocate 32744 bytes for ChunkPool::allocate
# Possible reasons:
#   The system is out of physical RAM or swap space
#   In 32 bit mode, the process size limit was hit
# Possible solutions:
#   Reduce memory load on the system
#   Increase physical memory or swap space
#   Check if swap backing store is full
#   Use 64 bit Java on a 64 bit OS
#   Decrease Java heap size (-Xmx/-Xms)
#   Decrease number of Java threads
#   Decrease Java thread stack sizes (-Xss)
#   Set larger code cache with -XX:ReservedCodeCacheSize=
# This output file may be truncated or incomplete.
#
#  Out of Memory Error (allocation.cpp:273), pid=8804, tid=0x0000000000001f74
#
# JRE version: Java(TM) SE Runtime Environment (8.0_131-b11) (build 1.8.0_131-b11)
# Java VM: Java HotSpot(TM) 64-Bit Server VM (25.131-b11 mixed mode windows-amd64 compressed oops)
# Failed to write core dump. Minidumps are not enabled by default on client versions of Windows
#

---------------  T H R E A D  ---------------

Current thread (0x0000000017974800):  JavaThread "C1 CompilerThread2" daemon [_thread_in_native, id=8052, stack(0x00000000191c0000,0x00000000192c0000)]

Stack: [0x00000000191c0000,0x00000000192c0000]
[error occurred during error reporting (printing stack bounds), id 0xc0000005]

Native frames: (J=compiled Java code, j=interpreted, Vv=VM code, C=native code)


Current CompileTask:
C1:    798  632       3       java.text.DecimalFormat::applyPattern (1591 bytes)


---------------  P R O C E S S  ---------------

Java Threads: ( => current thread )
  0x0000000019a96000 JavaThread "AWT-EventQueue-0" [_thread_blocked, id=18264, stack(0x000000001aa60000,0x000000001ab60000)]
  0x0000000019669000 JavaThread "AWT-Windows" daemon [_thread_in_native, id=21184, stack(0x000000001a490000,0x000000001a590000)]
  0x0000000019668800 JavaThread "AWT-Shutdown" [_thread_blocked, id=22124, stack(0x000000001a390000,0x000000001a490000)]
  0x0000000019666800 JavaThread "Java2D Disposer" daemon [_thread_blocked, id=9904, stack(0x000000001a210000,0x000000001a310000)]
  0x00000000179be800 JavaThread "Service Thread" daemon [_thread_blocked, id=11980, stack(0x00000000196c0000,0x00000000197c0000)]
=>0x0000000017974800 JavaThread "C1 CompilerThread2" daemon [_thread_in_native, id=8052, stack(0x00000000191c0000,0x00000000192c0000)]
  0x0000000017972000 JavaThread "C2 CompilerThread1" daemon [_thread_in_native, id=760, stack(0x00000000190c0000,0x00000000191c0000)]
  0x0000000017961000 JavaThread "C2 CompilerThread0" daemon [_thread_in_native, id=17252, stack(0x0000000018fc0000,0x00000000190c0000)]
  0x0000000017960000 JavaThread "Attach Listener" daemon [_thread_blocked, id=8360, stack(0x0000000018ec0000,0x0000000018fc0000)]
  0x000000001795f000 JavaThread "Signal Dispatcher" daemon [_thread_blocked, id=13972, stack(0x0000000018dc0000,0x0000000018ec0000)]
  0x000000001794a800 JavaThread "Finalizer" daemon [_thread_blocked, id=15012, stack(0x0000000018bb0000,0x0000000018cb0000)]
  0x0000000002e63000 JavaThread "Reference Handler" daemon [_thread_blocked, id=19584, stack(0x0000000018ab0000,0x0000000018bb0000)]
  0x0000000002d72800 JavaThread "main" [_thread_in_vm, id=11704, stack(0x0000000002c70000,0x0000000002d70000)]

Other Threads:
  0x0000000017927800 VMThread [stack: 0x00000000189b0000,0x0000000018ab0000] [id=4016]
  0x0000000019313000 WatcherThread [stack: 0x0000000019910000,0x0000000019a10000] [id=11708]

VM state:not at safepoint (normal execution)

VM Mutex/Monitor currently owned by a thread: None

Heap:
 PSYoungGen      total 37888K, used 7234K [0x00000000d6000000, 0x00000000d8a00000, 0x0000000100000000)
  eden space 32768K, 22% used [0x00000000d6000000,0x00000000d6710a78,0x00000000d8000000)
  from space 5120K, 0% used [0x00000000d8500000,0x00000000d8500000,0x00000000d8a00000)
  to   space 5120K, 0% used [0x00000000d8000000,0x00000000d8000000,0x00000000d8500000)
 ParOldGen       total 86016K, used 0K [0x0000000082000000, 0x0000000087400000, 0x00000000d6000000)
  object space 86016K, 0% used [0x0000000082000000,0x0000000082000000,0x0000000087400000)
 Metaspace       used 10336K, capacity 10556K, committed 10752K, reserved 1058816K
  class space    used 1370K, capacity 1422K, committed 1536K, reserved 1048576K

Card table byte_map: [0x0000000012230000,0x0000000012630000] byte_map_base: 0x0000000011e20000

Marking Bits: (ParMarkBitMap*) 0x0000000062b2c720
 Begin Bits: [0x0000000012cd0000, 0x0000000014c50000)
 End Bits:   [0x0000000014c50000, 0x0000000016bd0000)

Polling page: 0x00000000013b0000

CodeCache: size=245760Kb used=2444Kb max_used=2455Kb free=243315Kb
 bounds [0x0000000002e70000, 0x00000000030e0000, 0x0000000011e70000]
 total_blobs=1038 nmethods=631 adapters=320
 compilation: enabled

Compilation events (10 events):
Event: 0.702 Thread 0x0000000017974800 nmethod 628 0x00000000030d1d10 code [0x00000000030d1e80, 0x00000000030d2090]
Event: 0.702 Thread 0x0000000017974800  629       3       javax.swing.UIManager::getBorder (8 bytes)
Event: 0.702 Thread 0x0000000017974800 nmethod 629 0x00000000030d2150 code [0x00000000030d2300, 0x00000000030d2888]
Event: 0.702 Thread 0x0000000017974800  630       3       javax.swing.UIDefaults::getBorder (22 bytes)
Event: 0.703 Thread 0x0000000017974800 nmethod 630 0x00000000030d2a50 code [0x00000000030d2be0, 0x00000000030d3068]
Event: 0.703 Thread 0x0000000017974800  631   !   3       java.awt.Font::equals (132 bytes)
Event: 0.703 Thread 0x0000000017974800 nmethod 631 0x00000000030d3110 code [0x00000000030d32e0, 0x00000000030d3ae8]
Event: 0.703 Thread 0x0000000017974800  632       3       java.text.DecimalFormat::applyPattern (1591 bytes)
Event: 0.705 Thread 0x0000000017961000  636       4       sun.awt.SunToolkit::getAppContext (42 bytes)
Event: 0.707 Thread 0x0000000017961000 nmethod 636 0x00000000030d6a50 code [0x00000000030d6ba0, 0x00000000030d6c78]

GC Heap History (0 events):
No events

Deoptimization events (1 events):
Event: 0.395 Thread 0x0000000002d72800 Uncommon trap: reason=null_check action=make_not_entrant pc=0x0000000002fde9b8 method=java.lang.String.equals(Ljava/lang/Object;)Z @ 8

Internal exceptions (10 events):
Event: 0.150 Thread 0x0000000002d72800 Exception <a 'java/io/FileNotFoundException'> (0x00000000d6078310) thrown at [C:\re\workspace\8-2-build-windows-amd64-cygwin\jdk8u131\8869\hotspot\src\share\vm\prims\jni.cpp, line 709]
Event: 0.178 Thread 0x0000000002d72800 Exception <a 'java/security/PrivilegedActionException'> (0x00000000d6156ce8) thrown at [C:\re\workspace\8-2-build-windows-amd64-cygwin\jdk8u131\8869\hotspot\src\share\vm\prims\jvm.cpp, line 1390]
Event: 0.178 Thread 0x0000000002d72800 Exception <a 'java/security/PrivilegedActionException'> (0x00000000d6156ef8) thrown at [C:\re\workspace\8-2-build-windows-amd64-cygwin\jdk8u131\8869\hotspot\src\share\vm\prims\jvm.cpp, line 1390]
Event: 0.179 Thread 0x0000000002d72800 Exception <a 'java/security/PrivilegedActionException'> (0x00000000d615ab68) thrown at [C:\re\workspace\8-2-build-windows-amd64-cygwin\jdk8u131\8869\hotspot\src\share\vm\prims\jvm.cpp, line 1390]
Event: 0.179 Thread 0x0000000002d72800 Exception <a 'java/security/PrivilegedActionException'> (0x00000000d615ad78) thrown at [C:\re\workspace\8-2-build-windows-amd64-cygwin\jdk8u131\8869\hotspot\src\share\vm\prims\jvm.cpp, line 1390]
Event: 0.228 Thread 0x0000000002d72800 Exception <a 'java/io/FileNotFoundException'> (0x00000000d615de18) thrown at [C:\re\workspace\8-2-build-windows-amd64-cygwin\jdk8u131\8869\hotspot\src\share\vm\prims\jni.cpp, line 709]
Event: 0.266 Thread 0x0000000002d72800 Exception <a 'java/lang/NoSuchFieldError': method resolution failed> (0x00000000d622b668) thrown at [C:\re\workspace\8-2-build-windows-amd64-cygwin\jdk8u131\8869\hotspot\src\share\vm\prims\methodHandles.cpp, line 1146]
Event: 0.268 Thread 0x0000000002d72800 Exception <a 'java/lang/NoSuchFieldError': method resolution failed> (0x00000000d6238a38) thrown at [C:\re\workspace\8-2-build-windows-amd64-cygwin\jdk8u131\8869\hotspot\src\share\vm\prims\methodHandles.cpp, line 1146]
Event: 0.310 Thread 0x0000000002d72800 Exception <a 'java/io/FileNotFoundException'> (0x00000000d62cd118) thrown at [C:\re\workspace\8-2-build-windows-amd64-cygwin\jdk8u131\8869\hotspot\src\share\vm\prims\jni.cpp, line 709]
Event: 0.395 Thread 0x0000000002d72800 Implicit null exception at 0x0000000002fde7e2 to 0x0000000002fde9a9

Events (10 events):
Event: 0.588 loading class javax/swing/text/GapContent$UndoPosRef
Event: 0.588 loading class javax/swing/text/GapContent$UndoPosRef done
Event: 0.589 loading class javax/swing/plaf/basic/BasicSpinnerUI
Event: 0.589 loading class javax/swing/plaf/SpinnerUI
Event: 0.589 loading class javax/swing/plaf/SpinnerUI done
Event: 0.589 loading class javax/swing/plaf/basic/BasicSpinnerUI done
Event: 0.589 loading class javax/swing/plaf/basic/BasicSpinnerUI$ArrowButtonHandler
Event: 0.589 loading class javax/swing/plaf/basic/BasicSpinnerUI$ArrowButtonHandler done
Event: 0.589 loading class javax/swing/plaf/basic/BasicSpinnerUI$Handler
Event: 0.589 loading class javax/swing/plaf/basic/BasicSpinnerUI$Handler done


Dynamic libraries:
0x00007ff7d5240000 - 0x00007ff7d5277000 	C:\Program Files\Java\jre1.8.0_131\bin\javaw.exe
0x00007ffcbd540000 - 0x00007ffcbd711000 	C:\WINDOWS\SYSTEM32\ntdll.dll
0x00007ffcbacb0000 - 0x00007ffcbad5b000 	C:\WINDOWS\System32\KERNEL32.DLL
0x00007ffcba6d0000 - 0x00007ffcba8ed000 	C:\WINDOWS\System32\KERNELBASE.dll
0x00007ffcbcec0000 - 0x00007ffcbcf62000 	C:\WINDOWS\System32\ADVAPI32.dll
0x00007ffcbc9b0000 - 0x00007ffcbca4e000 	C:\WINDOWS\System32\msvcrt.dll
0x00007ffcbafa0000 - 0x00007ffcbaff9000 	C:\WINDOWS\System32\sechost.dll
0x00007ffcbae70000 - 0x00007ffcbaf91000 	C:\WINDOWS\System32\RPCRT4.dll
0x00007ffcbab40000 - 0x00007ffcbaca5000 	C:\WINDOWS\System32\USER32.dll
0x00007ffcb9a30000 - 0x00007ffcb9a4e000 	C:\WINDOWS\System32\win32u.dll
0x00007ffcbae30000 - 0x00007ffcbae64000 	C:\WINDOWS\System32\GDI32.dll
0x00007ffcba8f0000 - 0x00007ffcbaa72000 	C:\WINDOWS\System32\gdi32full.dll
0x00007ffcac080000 - 0x00007ffcac2fa000 	C:\WINDOWS\WinSxS\amd64_microsoft.windows.common-controls_6595b64144ccf1df_6.0.14393.953_none_42151e83c686086b\COMCTL32.dll
0x00007ffcbb000000 - 0x00007ffcbb2c8000 	C:\WINDOWS\System32\combase.dll
0x00007ffcb9e50000 - 0x00007ffcb9f45000 	C:\WINDOWS\System32\ucrtbase.dll
0x00007ffcb9b60000 - 0x00007ffcb9bca000 	C:\WINDOWS\System32\bcryptPrimitives.dll
0x00007ffcbd3b0000 - 0x00007ffcbd3de000 	C:\WINDOWS\System32\IMM32.DLL
0x0000000061ea0000 - 0x0000000061f72000 	C:\Program Files\Java\jre1.8.0_131\bin\msvcr100.dll
0x0000000062310000 - 0x0000000062bac000 	C:\Program Files\Java\jre1.8.0_131\bin\server\jvm.dll
0x00007ffcbc9a0000 - 0x00007ffcbc9a8000 	C:\WINDOWS\System32\PSAPI.DLL
0x00007ffcb7b10000 - 0x00007ffcb7b33000 	C:\WINDOWS\SYSTEM32\WINMM.dll
0x00007ffcb7da0000 - 0x00007ffcb7da9000 	C:\WINDOWS\SYSTEM32\WSOCK32.dll
0x00007ffcaa190000 - 0x00007ffcaa19a000 	C:\WINDOWS\SYSTEM32\VERSION.dll
0x00007ffcbcc10000 - 0x00007ffcbcc7a000 	C:\WINDOWS\System32\WS2_32.dll
0x0000000001320000 - 0x000000000134b000 	C:\WINDOWS\SYSTEM32\WINMMBASE.dll
0x00007ffcbaa80000 - 0x00007ffcbaac2000 	C:\WINDOWS\System32\cfgmgr32.dll
0x00000000637f0000 - 0x00000000637ff000 	C:\Program Files\Java\jre1.8.0_131\bin\verify.dll
0x0000000063130000 - 0x0000000063159000 	C:\Program Files\Java\jre1.8.0_131\bin\java.dll
0x00000000637d0000 - 0x00000000637e6000 	C:\Program Files\Java\jre1.8.0_131\bin\zip.dll
0x00007ffcbb490000 - 0x00007ffcbc998000 	C:\WINDOWS\System32\SHELL32.dll
0x00007ffcb9f50000 - 0x00007ffcba62a000 	C:\WINDOWS\System32\windows.storage.dll
0x00007ffcb99a0000 - 0x00007ffcb99ec000 	C:\WINDOWS\System32\powrprof.dll
0x00007ffcbaad0000 - 0x00007ffcbab22000 	C:\WINDOWS\System32\shlwapi.dll
0x00007ffcb9a20000 - 0x00007ffcb9a2f000 	C:\WINDOWS\System32\kernel.appcore.dll
0x00007ffcb9bd0000 - 0x00007ffcb9c79000 	C:\WINDOWS\System32\shcore.dll
0x00007ffcb99f0000 - 0x00007ffcb9a04000 	C:\WINDOWS\System32\profapi.dll
0x0000000062170000 - 0x0000000062308000 	C:\Program Files\Java\jre1.8.0_131\bin\awt.dll
0x00007ffcbb3d0000 - 0x00007ffcbb48f000 	C:\WINDOWS\System32\OLEAUT32.dll
0x00007ffcba630000 - 0x00007ffcba6cc000 	C:\WINDOWS\System32\msvcp_win.dll
0x00007ffcb7c00000 - 0x00007ffcb7c7a000 	C:\WINDOWS\SYSTEM32\apphelp.dll
0x00007ffcb7690000 - 0x00007ffcb76b6000 	C:\WINDOWS\system32\DWMAPI.DLL
0x00007ffcb80e0000 - 0x00007ffcb8175000 	C:\WINDOWS\system32\uxtheme.dll
0x00007ffca3890000 - 0x00007ffca39b3000 	C:\WINDOWS\system32\opengl32.dll
0x00007ffcadfd0000 - 0x00007ffcadffd000 	C:\WINDOWS\SYSTEM32\GLU32.dll
0x00007ffca19c0000 - 0x00007ffca1ab7000 	C:\WINDOWS\SYSTEM32\DDRAW.dll
0x00007ffcb6160000 - 0x00007ffcb6168000 	C:\WINDOWS\SYSTEM32\DCIMAN32.dll
0x00007ffcbca50000 - 0x00007ffcbcbaa000 	C:\WINDOWS\System32\MSCTF.dll
0x00007ffcbd400000 - 0x00007ffcbd537000 	C:\WINDOWS\System32\ole32.dll
0x0000000062c60000 - 0x0000000062ca7000 	C:\Program Files\Java\jre1.8.0_131\bin\fontmanager.dll
0x0000000063110000 - 0x000000006312a000 	C:\Program Files\Java\jre1.8.0_131\bin\net.dll
0x00007ffcb9270000 - 0x00007ffcb92cc000 	C:\WINDOWS\system32\mswsock.dll
0x00000000630f0000 - 0x0000000063101000 	C:\Program Files\Java\jre1.8.0_131\bin\nio.dll
0x0000000062c10000 - 0x0000000062c52000 	C:\Program Files\Java\jre1.8.0_131\bin\t2k.dll

VM Arguments:
jvm_args: -Dfile.encoding=Cp1252 
java_command: MarianoMain
java_class_path (initial): C:\Users\Marian\Documents\workspace\Salud\target\test-classes;C:\Users\Marian\Documents\workspace\Salud\target\classes;C:\Users\Marian\.p2\pool\plugins\org.junit_4.12.0.v201504281640\junit.jar;C:\Users\Marian\.p2\pool\plugins\org.hamcrest.core_1.3.0.v201303031735.jar;C:\Users\Marian\.m2\repository\mysql\mysql-connector-java\5.1.39\mysql-connector-java-5.1.39.jar;C:\Users\Marian\.m2\repository\net\sf\jasperreports\jasperreports\6.1.0\jasperreports-6.1.0.jar;C:\Users\Marian\.m2\repository\commons-beanutils\commons-beanutils\1.9.0\commons-beanutils-1.9.0.jar;C:\Users\Marian\.m2\repository\commons-collections\commons-collections\3.2.1\commons-collections-3.2.1.jar;C:\Users\Marian\.m2\repository\commons-digester\commons-digester\2.1\commons-digester-2.1.jar;C:\Users\Marian\.m2\repository\commons-logging\commons-logging\1.1.1\commons-logging-1.1.1.jar;C:\Users\Marian\.m2\repository\com\lowagie\itext\2.1.7.js2\itext-2.1.7.js2.jar;C:\Users\Marian\.m2\repository\bouncycastle\bcmail-jdk14\138\bcmail-jdk14-138.jar;C:\Users\Marian\.m2\repository\bouncycastle\bcprov-jdk14\138\bcprov-jdk14-138.jar;C:\Users\Marian\.m2\repository\org\bouncycastle\bctsp-jdk14\1.38\bctsp-jdk14-1.38.jar;C:\Users\Marian\.m2\repository\org\bouncycastle\bcprov-jdk14\1.38\bcprov-jdk14-1.38.jar;C:\Users\Marian\.m2\repository\org\bouncycastle\bcmail-jdk14\1.38\bcmail-jdk14-1.38.jar;C:\Users\Marian\.m2\repository\jfree\jcommon\1.0.15\jcommon-1.0.15.jar;C:\Users\Marian\.m2\repository\jfree\jfreechart\1.0.12\jfreechart-1.0.12.jar;C:\Users\Marian\.m2\repository\xml-apis\xml-apis\1.3.02\xml-apis-1.3.02.jar;C:\Users\Marian\.m2\repository\org\eclipse\jdt\core\compiler\ecj\4.3.1\ecj-4.3.1.jar;C:\Users\Marian\.m2\repository\org\codehaus\castor\castor-xml\1.3.3\castor-xml-1.3.3.jar;C:\Users\Marian\.m2\repository\org\codehaus\castor\castor-core\1.3.3\castor-core-1.3.3.jar;C:\Users\Marian\.m2\repository\commons-lang\commons-lang\2.6\commons-lang-2.6.jar;C:\Users\Marian\.m2\repository\javax\
Launcher Type: SUN_STANDARD

Environment Variables:
JAVA_HOME=C:\Program Files\Java\jdk1.8.0_111
PATH=C:/Program Files/Java/jre1.8.0_131/bin/server;C:/Program Files/Java/jre1.8.0_131/bin;C:/Program Files/Java/jre1.8.0_131/lib/amd64;C:\ProgramData\Oracle\Java\javapath;C:\Program Files (x86)\Intel\iCLS Client\;C:\Program Files\Intel\iCLS Client\;C:\Windows\system32;C:\Windows;C:\Windows\System32\Wbem;C:\Windows\System32\WindowsPowerShell\v1.0\;C:\Program Files (x86)\Intel\Intel(R) Management Engine Components\DAL;C:\Program Files\Intel\Intel(R) Management Engine Components\DAL;C:\Program Files (x86)\Intel\Intel(R) Management Engine Components\IPT;C:\Program Files\Intel\Intel(R) Management Engine Components\IPT;C:\Program Files (x86)\NVIDIA Corporation\PhysX\Common;C:\Program Files (x86)\Skype\Phone\;C:\Users\Marian\Documents\UNGS\ES\apache-maven-3.3.3-bin\apache-maven-3.3.3\bin;C:\WINDOWS\system32;C:\WINDOWS;C:\WINDOWS\System32\Wbem;C:\WINDOWS\System32\WindowsPowerShell\v1.0\;C:\Program Files\TortoiseSVN\bin;C:\Program Files\MySQL\MySQL Utilities 1.6\;C:\Program Files\Java\jdk1.8.0_111\bin;C:\Program Files\Java\jdk1.8.0_111\bin;C:\Users\Marian\AppData\Local\Microsoft\WindowsApps;C:\Program Files\MySQL\MySQL Server 5.7\bin;C:\WINDOWS\System32;
USERNAME=Marian
OS=Windows_NT
PROCESSOR_IDENTIFIER=Intel64 Family 6 Model 78 Stepping 3, GenuineIntel



---------------  S Y S T E M  ---------------

OS: Windows 10.0 , 64 bit Build 14393 (10.0.14393.0)

CPU:total 4 (initial active 4) (2 cores per cpu, 2 threads per core) family 6 model 78 stepping 3, cmov, cx8, fxsr, mmx, sse, sse2, sse3, ssse3, sse4.1, sse4.2, popcnt, avx, avx2, aes, clmul, erms, 3dnowpref, lzcnt, ht, tsc, tscinvbit, bmi1, bmi2, adx

Memory: 4k page, physical 8249472k(1682184k free), swap 33415296k(3356k free)

vm_info: Java HotSpot(TM) 64-Bit Server VM (25.131-b11) for windows-amd64 JRE (1.8.0_131-b11), built on Mar 15 2017 01:23:53 by "java_re" with MS VC++ 10.0 (VS2010)

time: Mon May 08 04:49:16 2017
elapsed time: 0 seconds (0d 0h 0m 0s)

